<?xml version="1.0" encoding="UTF-8"?>
<!-- Generated by org.testng.reporters.JUnitXMLReporter -->
<testsuite ignored="0" hostname="Pauls-MBP.station" failures="0" tests="19" name="Default test" time="66.146" errors="0" timestamp="2023-10-19T08:33:58 BST">
  <testcase classname="com.realpay.pizzahut_part2.InitializeTest" name="myTest" time="17.168"/>
  <testcase classname="com.realpay.pizzahut_part2.InitializeTest" name="closeBlackScreen" time="1.64"/>
  <testcase classname="com.realpay.pizzahut_part2.InitializeTest" name="enterLocation" time="3.425"/>
  <testcase classname="com.realpay.pizzahut_part2.InitializeTest" name="urlContainsDeals" time="5.507"/>
  <testcase classname="com.realpay.pizzahut_part2.InitializeTest" name="addItemToCart" time="5.002"/>
  <testcase classname="com.realpay.pizzahut_part2.InitializeTest" name="verifyItemAddedtoBasket" time="2.05"/>
  <testcase classname="com.realpay.pizzahut_part2.InitializeTest" name="drinksMenu" time="2.158"/>
  <testcase classname="com.realpay.pizzahut_part2.InitializeTest" name="addTwoDrinksToBasket" time="2.748"/>
  <testcase classname="com.realpay.pizzahut_part2.InitializeTest" name="checkout" time="2.428"/>
  <testcase classname="com.realpay.pizzahut_part2.InitializeTest" name="verifyOnlinePaymentOption" time="2.041"/>
  <testcase classname="com.realpay.pizzahut_part2.InitializeTest" name="selectCashOption" time="2.126"/>
  <testcase classname="com.realpay.pizzahut_part2.InitializeTest" name="verifyPromoOptionSelected" time="2.039"/>
  <testcase classname="com.realpay.pizzahut_part2.InitializeTest" name="enterCheckoutDetails" time="2.858"/>
  <testcase classname="com.realpay.pizzahut_part2.InitializeTest" name="applyGiftCard" time="2.827"/>
  <testcase classname="com.realpay.pizzahut_part2.InitializeTest" name="enterVoucher" time="2.191"/>
  <testcase classname="com.realpay.pizzahut_part2.InitializeTest" name="giftCardSubmit" time="2.166"/>
  <testcase classname="com.realpay.pizzahut_part2.InitializeTest" name="verifyErrorMessage" time="2.064"/>
  <testcase classname="com.realpay.pizzahut_part2.InitializeTest" name="closePopupWindow" time="2.126"/>
  <testcase classname="com.realpay.pizzahut_part2.InitializeTest" name="verifyUserReturnToBasketPage" time="2.086"/>
</testsuite> <!-- Default test -->
