<?xml version="1.0" encoding="UTF-8"?>
<!-- Generated by org.testng.reporters.JUnitXMLReporter -->
<testsuite ignored="0" hostname="Pauls-MBP.station" failures="0" tests="19" name="Pizzahut001" time="54.173" errors="0" timestamp="2023-10-19T08:38:06 BST">
  <testcase classname="com.realpay.pizzahut_part2.InitializeTest" name="myTest" time="8.563"/>
  <testcase classname="com.realpay.pizzahut_part2.InitializeTest" name="closeBlackScreen" time="0.955"/>
  <testcase classname="com.realpay.pizzahut_part2.InitializeTest" name="enterLocation" time="2.837"/>
  <testcase classname="com.realpay.pizzahut_part2.InitializeTest" name="urlContainsDeals" time="2.857"/>
  <testcase classname="com.realpay.pizzahut_part2.InitializeTest" name="addItemToCart" time="3.282"/>
  <testcase classname="com.realpay.pizzahut_part2.InitializeTest" name="verifyItemAddedtoBasket" time="2.042"/>
  <testcase classname="com.realpay.pizzahut_part2.InitializeTest" name="drinksMenu" time="2.164"/>
  <testcase classname="com.realpay.pizzahut_part2.InitializeTest" name="addTwoDrinksToBasket" time="2.582"/>
  <testcase classname="com.realpay.pizzahut_part2.InitializeTest" name="checkout" time="2.248"/>
  <testcase classname="com.realpay.pizzahut_part2.InitializeTest" name="verifyOnlinePaymentOption" time="2.038"/>
  <testcase classname="com.realpay.pizzahut_part2.InitializeTest" name="selectCashOption" time="2.125"/>
  <testcase classname="com.realpay.pizzahut_part2.InitializeTest" name="verifyPromoOptionSelected" time="2.039"/>
  <testcase classname="com.realpay.pizzahut_part2.InitializeTest" name="enterCheckoutDetails" time="3.03"/>
  <testcase classname="com.realpay.pizzahut_part2.InitializeTest" name="applyGiftCard" time="2.767"/>
  <testcase classname="com.realpay.pizzahut_part2.InitializeTest" name="enterVoucher" time="2.486"/>
  <testcase classname="com.realpay.pizzahut_part2.InitializeTest" name="giftCardSubmit" time="2.144"/>
  <testcase classname="com.realpay.pizzahut_part2.InitializeTest" name="verifyErrorMessage" time="2.04"/>
  <testcase classname="com.realpay.pizzahut_part2.InitializeTest" name="closePopupWindow" time="2.433"/>
  <testcase classname="com.realpay.pizzahut_part2.InitializeTest" name="verifyUserReturnToBasketPage" time="2.168"/>
</testsuite> <!-- Pizzahut001 -->
